TN:
SF:src\server.js
FNF:0
FNH:0
DA:1,1
DA:2,1
DA:3,1
DA:4,1
DA:5,1
DA:6,1
DA:7,1
DA:8,1
DA:9,1
DA:10,1
DA:11,1
DA:12,1
DA:13,1
DA:14,1
DA:15,1
DA:16,1
DA:17,1
DA:18,1
DA:19,1
DA:20,1
DA:21,1
DA:22,1
DA:23,1
DA:24,1
DA:25,1
DA:26,1
DA:27,1
DA:28,1
DA:29,1
DA:30,1
DA:31,1
DA:32,1
DA:33,1
DA:34,1
DA:35,1
DA:36,1
DA:37,1
DA:38,1
DA:39,1
DA:40,1
DA:41,0
DA:42,0
DA:43,1
DA:44,1
DA:45,1
DA:46,1
DA:47,1
DA:48,0
DA:49,0
DA:50,0
DA:51,0
DA:52,1
DA:53,1
DA:54,1
DA:55,1
LF:55
LH:49
BRDA:45,0,0,0
BRDA:47,1,0,0
BRDA:13,2,0,1
BRF:3
BRH:1
end_of_record
TN:
SF:src\controllers\appointmentController.js
FN:4,_callee
FN:22,_callee2
FN:43,_callee3
FN:65,_callee4
FNF:4
FNH:0
FNDA:0,_callee
FNDA:0,_callee2
FNDA:0,_callee3
FNDA:0,_callee4
DA:1,1
DA:2,1
DA:3,1
DA:4,1
DA:5,0
DA:6,0
DA:7,0
DA:8,0
DA:9,0
DA:10,0
DA:11,0
DA:12,0
DA:13,0
DA:14,0
DA:15,0
DA:16,0
DA:17,0
DA:18,1
DA:19,1
DA:20,1
DA:21,1
DA:22,1
DA:23,0
DA:24,0
DA:25,0
DA:26,0
DA:27,0
DA:28,0
DA:29,0
DA:30,0
DA:31,0
DA:32,0
DA:33,0
DA:34,0
DA:35,0
DA:36,0
DA:37,0
DA:38,0
DA:39,1
DA:40,1
DA:41,1
DA:42,1
DA:43,1
DA:44,0
DA:45,0
DA:46,0
DA:47,0
DA:48,0
DA:49,0
DA:50,0
DA:51,0
DA:52,0
DA:53,0
DA:54,0
DA:55,0
DA:56,0
DA:57,0
DA:58,0
DA:59,0
DA:60,0
DA:61,1
DA:62,1
DA:63,1
DA:64,1
DA:65,1
DA:66,0
DA:67,0
DA:68,0
DA:69,0
DA:70,0
DA:71,0
DA:72,0
DA:73,0
DA:74,0
DA:75,0
DA:76,0
DA:77,0
DA:78,1
DA:79,1
LF:79
LH:21
BRDA:4,0,0,1
BRDA:22,1,0,1
BRDA:43,2,0,1
BRDA:65,3,0,1
BRF:4
BRH:4
end_of_record
TN:
SF:src\controllers\logController.js
FN:4,_callee
FN:4,_callee$
FNF:2
FNH:2
FNDA:1,_callee
FNDA:2,_callee$
DA:1,1
DA:2,1
DA:3,1
DA:4,1
DA:5,1
DA:6,1
DA:7,1
DA:8,3
DA:9,1
DA:10,0
DA:11,0
DA:12,1
DA:13,1
DA:14,1
DA:15,1
LF:15
LH:13
BRDA:4,0,0,1
BRDA:4,1,0,1
BRDA:4,2,0,2
BRDA:4,3,0,3
BRDA:4,4,0,1
BRDA:8,5,0,1
BRDA:10,6,0,0
BRF:7
BRH:6
end_of_record
TN:
SF:src\controllers\medicalFormController.js
FN:4,_callee
FN:30,_callee2
FN:41,_callee3
FNF:3
FNH:0
FNDA:0,_callee
FNDA:0,_callee2
FNDA:0,_callee3
DA:1,1
DA:2,1
DA:3,1
DA:4,1
DA:5,0
DA:6,0
DA:7,0
DA:8,0
DA:9,0
DA:10,0
DA:11,0
DA:12,0
DA:13,0
DA:14,0
DA:15,0
DA:16,0
DA:17,0
DA:18,0
DA:19,0
DA:20,0
DA:21,0
DA:22,0
DA:23,0
DA:24,0
DA:25,1
DA:26,1
DA:27,1
DA:28,1
DA:29,1
DA:30,1
DA:31,0
DA:32,0
DA:33,0
DA:34,0
DA:35,0
DA:36,0
DA:37,1
DA:38,1
DA:39,1
DA:40,1
DA:41,1
DA:42,0
DA:43,0
DA:44,0
DA:45,0
DA:46,0
DA:47,0
DA:48,0
DA:49,0
DA:50,0
DA:51,0
DA:52,0
DA:53,0
DA:54,0
DA:55,0
DA:56,0
DA:57,0
DA:58,0
DA:59,0
DA:60,1
DA:61,1
LF:61
LH:17
BRDA:4,0,0,1
BRDA:30,1,0,1
BRDA:41,2,0,1
BRF:3
BRH:3
end_of_record
TN:
SF:src\controllers\medicalRecordController.js
FN:4,_callee
FN:28,_callee2
FN:40,_callee3
FN:63,_callee4
FNF:4
FNH:0
FNDA:0,_callee
FNDA:0,_callee2
FNDA:0,_callee3
FNDA:0,_callee4
DA:1,1
DA:2,1
DA:3,1
DA:4,1
DA:5,0
DA:6,0
DA:7,0
DA:8,0
DA:9,0
DA:10,0
DA:11,0
DA:12,0
DA:13,0
DA:14,0
DA:15,0
DA:16,0
DA:17,0
DA:18,0
DA:19,0
DA:20,0
DA:21,0
DA:22,0
DA:23,1
DA:24,1
DA:25,1
DA:26,1
DA:27,1
DA:28,1
DA:29,0
DA:30,0
DA:31,0
DA:32,0
DA:33,0
DA:34,0
DA:35,0
DA:36,1
DA:37,1
DA:38,1
DA:39,1
DA:40,1
DA:41,0
DA:42,0
DA:43,0
DA:44,0
DA:45,0
DA:46,0
DA:47,0
DA:48,0
DA:49,0
DA:50,0
DA:51,0
DA:52,0
DA:53,0
DA:54,0
DA:55,0
DA:56,0
DA:57,0
DA:58,0
DA:59,1
DA:60,1
DA:61,1
DA:62,1
DA:63,1
DA:64,0
DA:65,0
DA:66,0
DA:67,0
DA:68,0
DA:69,0
DA:70,0
DA:71,0
DA:72,0
DA:73,0
DA:74,0
DA:75,0
DA:76,0
DA:77,1
DA:78,1
LF:78
LH:22
BRDA:4,0,0,1
BRDA:28,1,0,1
BRDA:40,2,0,1
BRDA:63,3,0,1
BRF:4
BRH:4
end_of_record
TN:
SF:src\controllers\patientController.js
FN:4,_callee
FN:16,_callee2
FN:27,_callee3
FN:42,_callee4
FNF:4
FNH:0
FNDA:0,_callee
FNDA:0,_callee2
FNDA:0,_callee3
FNDA:0,_callee4
DA:1,1
DA:2,1
DA:3,1
DA:4,1
DA:5,0
DA:6,0
DA:7,0
DA:8,0
DA:9,0
DA:10,0
DA:11,0
DA:12,1
DA:13,1
DA:14,1
DA:15,1
DA:16,1
DA:17,0
DA:18,0
DA:19,0
DA:20,0
DA:21,0
DA:22,0
DA:23,1
DA:24,1
DA:25,1
DA:26,1
DA:27,1
DA:28,0
DA:29,0
DA:30,0
DA:31,0
DA:32,0
DA:33,0
DA:34,0
DA:35,0
DA:36,0
DA:37,0
DA:38,1
DA:39,1
DA:40,1
DA:41,1
DA:42,1
DA:43,0
DA:44,0
DA:45,0
DA:46,0
DA:47,0
DA:48,0
DA:49,0
DA:50,0
DA:51,0
DA:52,0
DA:53,1
DA:54,1
LF:54
LH:21
BRDA:4,0,0,1
BRDA:16,1,0,1
BRDA:27,2,0,1
BRDA:42,3,0,1
BRF:4
BRH:4
end_of_record
TN:
SF:src\controllers\userController.js
FN:2,_regeneratorRuntime
FN:2,_regeneratorRuntime
FN:2,o
FN:2,define
FN:2,define
FN:2,wrap
FN:2,tryCatch
FN:2,Generator
FN:2,GeneratorFunction
FN:2,GeneratorFunctionPrototype
FN:2,defineIteratorMethods
FN:2,AsyncIterator
FN:2,makeInvokeMethod
FN:2,maybeInvokeDelegate
FN:2,pushTryEntry
FN:2,resetTryEntry
FN:2,Context
FN:2,values
FN:2,next
FN:2,e.isGeneratorFunction
FN:2,e.mark
FN:2,e.awrap
FN:2,e.async
FN:2,e.keys
FN:2,reset
FN:2,stop
FN:2,dispatchException
FN:2,abrupt
FN:2,complete
FN:2,finish
FN:2,_catch
FN:2,delegateYield
FN:2,asyncGeneratorStep
FN:2,_asyncToGenerator
FN:8,_callee
FN:38,_callee2
FN:73,_callee3
FN:84,_callee4
FNF:38
FNH:7
FNDA:1,_regeneratorRuntime
FNDA:3,_regeneratorRuntime
FNDA:0,o
FNDA:13,define
FNDA:0,define
FNDA:0,wrap
FNDA:0,tryCatch
FNDA:0,Generator
FNDA:0,GeneratorFunction
FNDA:0,GeneratorFunctionPrototype
FNDA:2,defineIteratorMethods
FNDA:0,AsyncIterator
FNDA:0,makeInvokeMethod
FNDA:0,maybeInvokeDelegate
FNDA:0,pushTryEntry
FNDA:0,resetTryEntry
FNDA:0,Context
FNDA:1,values
FNDA:0,next
FNDA:0,e.isGeneratorFunction
FNDA:4,e.mark
FNDA:0,e.awrap
FNDA:0,e.async
FNDA:0,e.keys
FNDA:0,reset
FNDA:0,stop
FNDA:0,dispatchException
FNDA:0,abrupt
FNDA:0,complete
FNDA:0,finish
FNDA:0,_catch
FNDA:0,delegateYield
FNDA:0,asyncGeneratorStep
FNDA:4,_asyncToGenerator
FNDA:0,_callee
FNDA:0,_callee2
FNDA:0,_callee3
FNDA:0,_callee4
DA:1,1
DA:2,1
DA:3,1
DA:4,1
DA:5,1
DA:6,1
DA:7,1
DA:8,1
DA:9,0
DA:10,0
DA:11,0
DA:12,0
DA:13,0
DA:14,0
DA:15,0
DA:16,0
DA:17,0
DA:18,0
DA:19,0
DA:20,0
DA:21,0
DA:22,0
DA:23,0
DA:24,0
DA:25,0
DA:26,0
DA:27,0
DA:28,0
DA:29,0
DA:30,0
DA:31,0
DA:32,0
DA:33,1
DA:34,1
DA:35,1
DA:36,1
DA:37,1
DA:38,1
DA:39,0
DA:40,0
DA:41,0
DA:42,0
DA:43,0
DA:44,0
DA:45,0
DA:46,0
DA:47,0
DA:48,0
DA:49,0
DA:50,0
DA:51,0
DA:52,0
DA:53,0
DA:54,0
DA:55,0
DA:56,0
DA:57,0
DA:58,0
DA:59,0
DA:60,0
DA:61,0
DA:62,0
DA:63,0
DA:64,0
DA:65,0
DA:66,1
DA:67,1
DA:68,1
DA:69,1
DA:70,1
DA:71,1
DA:72,1
DA:73,1
DA:74,0
DA:75,0
DA:76,0
DA:77,0
DA:78,0
DA:79,0
DA:80,1
DA:81,1
DA:82,1
DA:83,1
DA:84,1
DA:85,0
DA:86,0
DA:87,0
DA:88,0
DA:89,0
DA:90,0
DA:91,0
DA:92,0
DA:93,0
DA:94,0
DA:95,0
DA:96,0
DA:97,0
DA:98,0
DA:99,0
DA:100,1
DA:101,1
LF:101
LH:29
BRDA:2,0,0,1
BRDA:2,1,0,0
BRDA:2,2,0,0
BRDA:2,3,0,0
BRDA:2,4,0,0
BRDA:2,5,0,0
BRDA:2,6,0,0
BRDA:2,7,0,3
BRDA:2,8,0,13
BRDA:2,9,0,2
BRDA:2,10,0,6
BRDA:2,11,0,1
BRDA:2,12,0,0
BRDA:2,13,0,0
BRDA:2,14,0,0
BRDA:2,15,0,4
BRDA:2,16,0,0
BRDA:2,17,0,4
BRDA:8,18,0,1
BRDA:38,19,0,1
BRDA:73,20,0,1
BRDA:84,21,0,1
BRF:22
BRH:12
end_of_record
TN:
SF:src\middlewares\authMiddleware.js
FN:3,authMiddleware
FNF:1
FNH:1
FNDA:1,authMiddleware
DA:1,1
DA:2,1
DA:3,1
DA:4,1
DA:5,1
DA:6,0
DA:7,0
DA:8,1
DA:9,1
DA:10,1
DA:11,1
DA:12,1
DA:13,1
DA:14,0
DA:15,0
DA:16,1
DA:17,1
DA:18,1
LF:18
LH:14
BRDA:3,0,0,1
BRDA:4,1,0,0
BRDA:5,2,0,0
BRDA:13,3,0,0
BRF:4
BRH:1
end_of_record
TN:
SF:src\middlewares\roleMiddleware.js
FN:1,roleMiddleware
FNF:1
FNH:1
FNDA:4,roleMiddleware
DA:1,1
DA:2,4
DA:3,1
DA:4,1
DA:5,1
DA:6,0
DA:7,0
DA:8,1
DA:9,1
DA:10,4
DA:11,4
DA:12,1
DA:13,1
LF:13
LH:11
BRDA:1,0,0,4
BRDA:2,1,0,1
BRDA:3,2,0,0
BRDA:5,3,0,0
BRF:4
BRH:2
end_of_record
TN:
SF:src\models\Appointment.js
FNF:0
FNH:0
DA:1,1
DA:2,1
DA:3,1
DA:4,1
DA:5,1
DA:6,1
DA:7,1
DA:8,1
DA:9,1
DA:10,1
DA:11,1
DA:12,1
DA:13,1
LF:13
LH:13
BRF:0
BRH:0
end_of_record
TN:
SF:src\models\Log.js
FNF:0
FNH:0
DA:1,1
DA:2,1
DA:3,1
DA:4,1
DA:5,1
DA:6,1
DA:7,1
DA:8,1
DA:9,1
DA:10,1
LF:10
LH:10
BRF:0
BRH:0
end_of_record
TN:
SF:src\models\MedicalForm.js
FNF:0
FNH:0
DA:1,1
DA:2,1
DA:3,1
DA:4,1
DA:5,1
DA:6,1
DA:7,1
DA:8,1
DA:9,1
DA:10,1
DA:11,1
DA:12,1
DA:13,1
DA:14,1
DA:15,1
LF:15
LH:15
BRF:0
BRH:0
end_of_record
TN:
SF:src\models\MedicalRecord.js
FNF:0
FNH:0
DA:1,1
DA:2,1
DA:3,1
DA:4,1
DA:5,1
DA:6,1
DA:7,1
DA:8,1
DA:9,1
DA:10,1
DA:11,1
DA:12,1
DA:13,1
LF:13
LH:13
BRF:0
BRH:0
end_of_record
TN:
SF:src\models\Patient.js
FNF:0
FNH:0
DA:1,1
DA:2,1
DA:3,1
DA:4,1
DA:5,1
DA:6,1
DA:7,1
DA:8,1
DA:9,1
DA:10,1
DA:11,1
DA:12,1
DA:13,1
DA:14,1
LF:14
LH:14
BRF:0
BRH:0
end_of_record
TN:
SF:src\models\User.js
FNF:0
FNH:0
DA:1,1
DA:2,1
DA:3,1
DA:4,1
DA:5,1
DA:6,1
DA:7,1
DA:8,1
DA:9,1
DA:10,1
DA:11,1
DA:12,1
DA:13,1
DA:14,1
DA:15,1
LF:15
LH:15
BRF:0
BRH:0
end_of_record
TN:
SF:src\routes\appointmentRoutes.js
FNF:0
FNH:0
DA:1,1
DA:2,1
DA:3,1
DA:4,1
DA:5,1
DA:6,1
DA:7,1
DA:8,1
DA:9,1
DA:10,1
DA:11,1
DA:12,1
DA:13,1
DA:14,1
DA:15,1
DA:16,1
DA:17,1
DA:18,1
LF:18
LH:18
BRF:0
BRH:0
end_of_record
TN:
SF:src\routes\exportRoutes.js
FN:2,_regeneratorRuntime
FN:2,_regeneratorRuntime
FN:2,o
FN:2,define
FN:2,define
FN:2,wrap
FN:2,tryCatch
FN:2,Generator
FN:2,GeneratorFunction
FN:2,GeneratorFunctionPrototype
FN:2,defineIteratorMethods
FN:2,AsyncIterator
FN:2,makeInvokeMethod
FN:2,maybeInvokeDelegate
FN:2,pushTryEntry
FN:2,resetTryEntry
FN:2,Context
FN:2,values
FN:2,next
FN:2,e.isGeneratorFunction
FN:2,e.mark
FN:2,e.awrap
FN:2,e.async
FN:2,e.keys
FN:2,reset
FN:2,stop
FN:2,dispatchException
FN:2,abrupt
FN:2,complete
FN:2,finish
FN:2,_catch
FN:2,delegateYield
FN:2,asyncGeneratorStep
FN:2,_asyncToGenerator
FN:10,_callee
FN:26,_callee2
FNF:36
FNH:7
FNDA:1,_regeneratorRuntime
FNDA:1,_regeneratorRuntime
FNDA:0,o
FNDA:13,define
FNDA:0,define
FNDA:0,wrap
FNDA:0,tryCatch
FNDA:0,Generator
FNDA:0,GeneratorFunction
FNDA:0,GeneratorFunctionPrototype
FNDA:2,defineIteratorMethods
FNDA:0,AsyncIterator
FNDA:0,makeInvokeMethod
FNDA:0,maybeInvokeDelegate
FNDA:0,pushTryEntry
FNDA:0,resetTryEntry
FNDA:0,Context
FNDA:1,values
FNDA:0,next
FNDA:0,e.isGeneratorFunction
FNDA:2,e.mark
FNDA:0,e.awrap
FNDA:0,e.async
FNDA:0,e.keys
FNDA:0,reset
FNDA:0,stop
FNDA:0,dispatchException
FNDA:0,abrupt
FNDA:0,complete
FNDA:0,finish
FNDA:0,_catch
FNDA:0,delegateYield
FNDA:0,asyncGeneratorStep
FNDA:2,_asyncToGenerator
FNDA:0,_callee
FNDA:0,_callee2
DA:1,1
DA:2,1
DA:3,1
DA:4,1
DA:5,1
DA:6,1
DA:7,1
DA:8,1
DA:9,1
DA:10,1
DA:11,0
DA:12,0
DA:13,0
DA:14,0
DA:15,0
DA:16,0
DA:17,0
DA:18,0
DA:19,0
DA:20,0
DA:21,0
DA:22,1
DA:23,1
DA:24,1
DA:25,1
DA:26,1
DA:27,0
DA:28,0
DA:29,0
DA:30,0
DA:31,0
DA:32,0
DA:33,0
DA:34,0
DA:35,0
DA:36,0
DA:37,0
DA:38,1
DA:39,1
DA:40,1
DA:41,1
LF:41
LH:19
BRDA:2,0,0,1
BRDA:2,1,0,0
BRDA:2,2,0,0
BRDA:2,3,0,0
BRDA:2,4,0,0
BRDA:2,5,0,0
BRDA:2,6,0,0
BRDA:2,7,0,1
BRDA:2,8,0,13
BRDA:2,9,0,2
BRDA:2,10,0,6
BRDA:2,11,0,1
BRDA:2,12,0,0
BRDA:2,13,0,0
BRDA:2,14,0,0
BRDA:2,15,0,2
BRDA:2,16,0,0
BRDA:2,17,0,2
BRDA:10,18,0,1
BRDA:26,19,0,1
BRF:20
BRH:10
end_of_record
TN:
SF:src\routes\logRoutes.js
FNF:0
FNH:0
DA:1,1
DA:2,1
DA:3,1
DA:4,1
DA:5,1
DA:6,1
DA:7,1
DA:8,1
DA:9,1
DA:10,1
LF:10
LH:10
BRF:0
BRH:0
end_of_record
TN:
SF:src\routes\medicalFormRoutes.js
FNF:0
FNH:0
DA:1,1
DA:2,1
DA:3,1
DA:4,1
DA:5,1
DA:6,1
DA:7,1
DA:8,1
DA:9,1
DA:10,1
DA:11,1
DA:12,1
DA:13,1
DA:14,1
DA:15,1
DA:16,1
LF:16
LH:16
BRF:0
BRH:0
end_of_record
TN:
SF:src\routes\medicalRecordRoutes.js
FNF:0
FNH:0
DA:1,1
DA:2,1
DA:3,1
DA:4,1
DA:5,1
DA:6,1
DA:7,1
DA:8,1
DA:9,1
DA:10,1
DA:11,1
DA:12,1
DA:13,1
DA:14,1
DA:15,1
DA:16,1
DA:17,1
DA:18,1
LF:18
LH:18
BRF:0
BRH:0
end_of_record
TN:
SF:src\routes\patientRoutes.js
FNF:0
FNH:0
DA:1,1
DA:2,1
DA:3,1
DA:4,1
DA:5,1
DA:6,1
DA:7,1
DA:8,1
DA:9,1
DA:10,1
DA:11,1
DA:12,1
DA:13,1
DA:14,1
DA:15,1
DA:16,1
DA:17,1
DA:18,1
LF:18
LH:18
BRF:0
BRH:0
end_of_record
TN:
SF:src\routes\userRoutes.js
FNF:0
FNH:0
DA:1,1
DA:2,1
DA:3,1
DA:4,1
DA:5,1
DA:6,1
DA:7,1
DA:8,1
DA:9,1
DA:10,1
DA:11,1
DA:12,1
DA:13,1
DA:14,1
DA:15,1
DA:16,1
DA:17,1
DA:18,1
DA:19,1
DA:20,1
DA:21,1
DA:22,1
DA:23,1
LF:23
LH:23
BRF:0
BRH:0
end_of_record
TN:
SF:src\utils\logger.js
FN:3,_callee
FNF:1
FNH:0
FNDA:0,_callee
DA:1,1
DA:2,1
DA:3,1
DA:4,0
DA:5,0
DA:6,0
DA:7,0
DA:8,0
DA:9,1
DA:10,1
DA:11,1
DA:12,1
LF:12
LH:7
BRDA:3,0,0,1
BRF:1
BRH:1
end_of_record
TN:
SF:src\utils\pdfExporter.js
FN:4,exportToPDF
FNF:1
FNH:0
FNDA:0,exportToPDF
DA:1,1
DA:2,1
DA:3,1
DA:4,1
DA:5,0
DA:6,0
DA:7,0
DA:8,0
DA:9,0
DA:10,0
DA:11,0
DA:12,0
DA:13,0
DA:14,0
DA:15,0
DA:16,0
DA:17,0
DA:18,0
DA:19,0
DA:20,0
DA:21,0
DA:22,0
DA:23,0
DA:24,0
DA:25,0
DA:26,0
DA:27,0
DA:28,0
DA:29,0
DA:30,0
DA:31,0
DA:32,1
DA:33,1
LF:33
LH:6
BRF:0
BRH:0
end_of_record
